The system is: Windows - 10.0.19041 - AMD64
Compiling the C compiler identification source file "CMakeCCompilerId.c" succeeded.
Compiler: C:/Program Files (x86)/Microsoft Visual Studio/2019/Community/VC/Tools/MSVC/14.27.29110/bin/Hostx86/x86/cl.exe 
Build flags: 
Id flags:  

The output was:
0
Microsoft (R) C/C++ Optimizing Compiler Version 19.27.29112 for x86
Copyright (C) Microsoft Corporation.  All rights reserved.

CMakeCCompilerId.c
Microsoft (R) Incremental Linker Version 14.27.29112.0
Copyright (C) Microsoft Corporation.  All rights reserved.

/out:CMakeCCompilerId.exe 
CMakeCCompilerId.obj 


Compilation of the C compiler identification source "CMakeCCompilerId.c" produced "CMakeCCompilerId.exe"

Compilation of the C compiler identification source "CMakeCCompilerId.c" produced "CMakeCCompilerId.obj"

The C compiler identification is MSVC, found in "C:/Users/Hunor/CLionProjects/projekt_2/cmake-build-debug/CMakeFiles/3.17.5/CompilerIdC/CMakeCCompilerId.exe"

Determining if the C compiler works passed with the following output:
Change Dir: C:/Users/Hunor/CLionProjects/projekt_2/cmake-build-debug/CMakeFiles/CMakeTmp

Run Build Command(s):nmake /nologo cmTC_addc9\fast && 	"C:\Program Files (x86)\Microsoft Visual Studio\2019\Community\VC\Tools\MSVC\14.27.29110\bin\HostX86\x86\nmake.exe"  -f CMakeFiles\cmTC_addc9.dir\build.make /nologo -L                  CMakeFiles\cmTC_addc9.dir\build
Building C object CMakeFiles/cmTC_addc9.dir/testCCompiler.c.obj
	C:\PROGRA~2\MICROS~2\2019\COMMUN~1\VC\Tools\MSVC\1427~1.291\bin\Hostx86\x86\cl.exe @C:\Users\Hunor\AppData\Local\Temp\nm8A9C.tmp
testCCompiler.c
Linking C executable cmTC_addc9.exe
	"C:\Program Files\JetBrains\CLion 2020.3.2\bin\cmake\win\bin\cmake.exe" -E vs_link_exe --intdir=CMakeFiles\cmTC_addc9.dir --rc=C:\PROGRA~2\WI3CF2~1\10\bin\100183~1.0\x86\rc.exe --mt=C:\PROGRA~2\WI3CF2~1\10\bin\100183~1.0\x86\mt.exe --manifests  -- C:\PROGRA~2\MICROS~2\2019\COMMUN~1\VC\Tools\MSVC\1427~1.291\bin\Hostx86\x86\link.exe /nologo @CMakeFiles\cmTC_addc9.dir\objects1.rsp @C:\Users\Hunor\AppData\Local\Temp\nm8C82.tmp



Detecting C compiler ABI info compiled with the following output:
Change Dir: C:/Users/Hunor/CLionProjects/projekt_2/cmake-build-debug/CMakeFiles/CMakeTmp

Run Build Command(s):nmake /nologo cmTC_89397\fast && 	"C:\Program Files (x86)\Microsoft Visual Studio\2019\Community\VC\Tools\MSVC\14.27.29110\bin\HostX86\x86\nmake.exe"  -f CMakeFiles\cmTC_89397.dir\build.make /nologo -L                  CMakeFiles\cmTC_89397.dir\build
Building C object CMakeFiles/cmTC_89397.dir/CMakeCCompilerABI.c.obj
	C:\PROGRA~2\MICROS~2\2019\COMMUN~1\VC\Tools\MSVC\1427~1.291\bin\Hostx86\x86\cl.exe @C:\Users\Hunor\AppData\Local\Temp\nm91E0.tmp
CMakeCCompilerABI.c
Linking C executable cmTC_89397.exe
	"C:\Program Files\JetBrains\CLion 2020.3.2\bin\cmake\win\bin\cmake.exe" -E vs_link_exe --intdir=CMakeFiles\cmTC_89397.dir --rc=C:\PROGRA~2\WI3CF2~1\10\bin\100183~1.0\x86\rc.exe --mt=C:\PROGRA~2\WI3CF2~1\10\bin\100183~1.0\x86\mt.exe --manifests  -- C:\PROGRA~2\MICROS~2\2019\COMMUN~1\VC\Tools\MSVC\1427~1.291\bin\Hostx86\x86\link.exe /nologo @CMakeFiles\cmTC_89397.dir\objects1.rsp @C:\Users\Hunor\AppData\Local\Temp\nm926D.tmp



